<?xml version="1.0" encoding="UTF-8"?>
<testng-results ignored="0" total="1" passed="1" failed="0" skipped="0">
  <reporter-output>
  </reporter-output>
  <suite started-at="2023-04-03T15:12:56 IST" name="Default suite" finished-at="2023-04-03T15:13:17 IST" duration-ms="20983">
    <groups>
    </groups>
    <test started-at="2023-04-03T15:12:56 IST" name="Default test" finished-at="2023-04-03T15:13:17 IST" duration-ms="20983">
      <class name="server.ServerStart_2">
        <test-method is-config="true" signature="startServer()[pri:0, instance:server.ServerStart_2@2cf3d63b]" started-at="2023-04-03T15:12:56 IST" name="startServer" finished-at="2023-04-03T15:13:04 IST" duration-ms="8044" status="PASS">
          <reporter-output>
          </reporter-output>
        </test-method> <!-- startServer -->
        <test-method signature="click()[pri:0, instance:server.ServerStart_2@2cf3d63b]" started-at="2023-04-03T15:13:04 IST" name="click" finished-at="2023-04-03T15:13:17 IST" duration-ms="12847" status="PASS">
          <reporter-output>
          </reporter-output>
        </test-method> <!-- click -->
        <test-method is-config="true" signature="stopserver()[pri:0, instance:server.ServerStart_2@2cf3d63b]" started-at="2023-04-03T15:13:17 IST" name="stopserver" finished-at="2023-04-03T15:13:17 IST" duration-ms="54" status="PASS">
          <reporter-output>
          </reporter-output>
        </test-method> <!-- stopserver -->
      </class> <!-- server.ServerStart_2 -->
    </test> <!-- Default test -->
  </suite> <!-- Default suite -->
</testng-results>
