<?xml version="1.0" encoding="UTF-8"?>
<testng-results ignored="0" total="1" passed="1" failed="0" skipped="0">
  <reporter-output>
  </reporter-output>
  <suite started-at="2023-03-15T15:00:18 IST" name="Suite" finished-at="2023-03-15T15:00:47 IST" duration-ms="28534">
    <groups>
    </groups>
    <test started-at="2023-03-15T15:00:18 IST" name="Test" finished-at="2023-03-15T15:00:47 IST" duration-ms="28534">
      <class name="parallel.ParallelExecution">
        <test-method signature="parallelExecution(java.lang.String,java.lang.String,java.lang.String,java.lang.String)[pri:0, instance:parallel.ParallelExecution@6e6f2380]" started-at="2023-03-15T15:00:18 IST" name="parallelExecution" finished-at="2023-03-15T15:00:47 IST" duration-ms="28372" status="PASS">
          <params>
            <param index="0">
              <value>
                <![CDATA[Samsung]]>
              </value>
            </param>
            <param index="1">
              <value>
                <![CDATA[12]]>
              </value>
            </param>
            <param index="2">
              <value>
                <![CDATA[RZ8N91KGFEH]]>
              </value>
            </param>
            <param index="3">
              <value>
                <![CDATA[4723]]>
              </value>
            </param>
          </params>
          <reporter-output>
          </reporter-output>
        </test-method> <!-- parallelExecution -->
      </class> <!-- parallel.ParallelExecution -->
    </test> <!-- Test -->
  </suite> <!-- Suite -->
</testng-results>
